[0.873s] Invoking command in '/home/kabilankb/ros2_nanoowl/src/nanoowl': CONDA_PROMPT_MODIFIER=(base) PYTHONPATH=/home/kabilankb/ros2_nanoowl/build/nanoowl/prefix_override:/usr/lib/python3/dist-packages/colcon_core/task/python/colcon_distutils_commands:/home/kabilankb/ros2_nanoowl/install/nanoowl/lib/python3.10/site-packages:${PYTHONPATH} /usr/bin/python3 -W ignore:setup.py install is deprecated -W ignore:easy_install command is deprecated setup.py egg_info --egg-base ../../build/nanoowl build --build-base /home/kabilankb/ros2_nanoowl/build/nanoowl/build install --record /home/kabilankb/ros2_nanoowl/build/nanoowl/install.log --single-version-externally-managed install_data
[1.178s] running egg_info
[1.179s] creating ../../build/nanoowl/nanoowl.egg-info
[1.179s] writing ../../build/nanoowl/nanoowl.egg-info/PKG-INFO
[1.179s] writing dependency_links to ../../build/nanoowl/nanoowl.egg-info/dependency_links.txt
[1.179s] writing entry points to ../../build/nanoowl/nanoowl.egg-info/entry_points.txt
[1.180s] writing requirements to ../../build/nanoowl/nanoowl.egg-info/requires.txt
[1.180s] writing top-level names to ../../build/nanoowl/nanoowl.egg-info/top_level.txt
[1.180s] writing manifest file '../../build/nanoowl/nanoowl.egg-info/SOURCES.txt'
[1.182s] reading manifest file '../../build/nanoowl/nanoowl.egg-info/SOURCES.txt'
[1.182s] writing manifest file '../../build/nanoowl/nanoowl.egg-info/SOURCES.txt'
[1.182s] running build
[1.182s] running build_py
[1.183s] creating /home/kabilankb/ros2_nanoowl/build/nanoowl/build
[1.183s] creating /home/kabilankb/ros2_nanoowl/build/nanoowl/build/lib
[1.183s] creating /home/kabilankb/ros2_nanoowl/build/nanoowl/build/lib/nanoowl
[1.183s] copying nanoowl/__init__.py -> /home/kabilankb/ros2_nanoowl/build/nanoowl/build/lib/nanoowl
[1.183s] copying nanoowl/nanoowl_ros2.py -> /home/kabilankb/ros2_nanoowl/build/nanoowl/build/lib/nanoowl
[1.183s] running install
[1.183s] running install_lib
[1.184s] creating /home/kabilankb/ros2_nanoowl/install/nanoowl/lib/python3.10/site-packages/nanoowl
[1.184s] copying /home/kabilankb/ros2_nanoowl/build/nanoowl/build/lib/nanoowl/__init__.py -> /home/kabilankb/ros2_nanoowl/install/nanoowl/lib/python3.10/site-packages/nanoowl
[1.184s] copying /home/kabilankb/ros2_nanoowl/build/nanoowl/build/lib/nanoowl/nanoowl_ros2.py -> /home/kabilankb/ros2_nanoowl/install/nanoowl/lib/python3.10/site-packages/nanoowl
[1.184s] byte-compiling /home/kabilankb/ros2_nanoowl/install/nanoowl/lib/python3.10/site-packages/nanoowl/__init__.py to __init__.cpython-310.pyc
[1.184s] byte-compiling /home/kabilankb/ros2_nanoowl/install/nanoowl/lib/python3.10/site-packages/nanoowl/nanoowl_ros2.py to nanoowl_ros2.cpython-310.pyc
[1.185s] running install_data
[1.185s] creating /home/kabilankb/ros2_nanoowl/install/nanoowl/share/ament_index
[1.185s] creating /home/kabilankb/ros2_nanoowl/install/nanoowl/share/ament_index/resource_index
[1.185s] creating /home/kabilankb/ros2_nanoowl/install/nanoowl/share/ament_index/resource_index/packages
[1.186s] copying resource/nanoowl -> /home/kabilankb/ros2_nanoowl/install/nanoowl/share/ament_index/resource_index/packages
[1.186s] copying package.xml -> /home/kabilankb/ros2_nanoowl/install/nanoowl/share/nanoowl
[1.186s] running install_egg_info
[1.187s] Copying ../../build/nanoowl/nanoowl.egg-info to /home/kabilankb/ros2_nanoowl/install/nanoowl/lib/python3.10/site-packages/nanoowl-0.0.0-py3.10.egg-info
[1.188s] running install_scripts
[1.207s] Installing nanoowl_ros2 script to /home/kabilankb/ros2_nanoowl/install/nanoowl/lib/nanoowl
[1.207s] writing list of installed files to '/home/kabilankb/ros2_nanoowl/build/nanoowl/install.log'
[1.228s] Invoked command in '/home/kabilankb/ros2_nanoowl/src/nanoowl' returned '0': CONDA_PROMPT_MODIFIER=(base) PYTHONPATH=/home/kabilankb/ros2_nanoowl/build/nanoowl/prefix_override:/usr/lib/python3/dist-packages/colcon_core/task/python/colcon_distutils_commands:/home/kabilankb/ros2_nanoowl/install/nanoowl/lib/python3.10/site-packages:${PYTHONPATH} /usr/bin/python3 -W ignore:setup.py install is deprecated -W ignore:easy_install command is deprecated setup.py egg_info --egg-base ../../build/nanoowl build --build-base /home/kabilankb/ros2_nanoowl/build/nanoowl/build install --record /home/kabilankb/ros2_nanoowl/build/nanoowl/install.log --single-version-externally-managed install_data
